<?xml version="1.0" encoding="UTF-8"?>
<robot generator="Robot 7.0 (Python 3.12.2 on win32)" generated="2024-03-20T20:12:24.052842" rpa="false" schemaversion="5">
<suite id="s1" name="Valid" source="C:\Users\VIQG01X\Documents\CapacitacionRobotFrame\valid.robot">
<test id="s1-t1" name="Valid Login" line="7">
<kw name="Open Browser To Login page">
<kw name="Open Browser" owner="SeleniumLibrary">
<msg time="2024-03-20T20:12:24.241165" level="INFO">Opening browser 'googlechrome' to base url 'http://localhost:3100/html'.</msg>
<arg>${Login-Url}</arg>
<arg>${Browser}</arg>
<doc>Opens a new browser instance to the optional ``url``.</doc>
<status status="PASS" start="2024-03-20T20:12:24.241165" elapsed="27.751203"/>
</kw>
<kw name="Title Should Be" owner="SeleniumLibrary">
<msg time="2024-03-20T20:12:52.261747" level="INFO">Page title is 'Login Page'.</msg>
<arg>Login Page</arg>
<doc>Verifies that the current page title equals ``title``.</doc>
<status status="PASS" start="2024-03-20T20:12:51.999498" elapsed="0.262249"/>
</kw>
<status status="PASS" start="2024-03-20T20:12:24.241165" elapsed="28.020582"/>
</kw>
<kw name="Type In Username">
<kw name="Input Text" owner="SeleniumLibrary">
<msg time="2024-03-20T20:12:52.275651" level="INFO">Typing text 'demo' into text field 'id=username_field'.</msg>
<arg>id=username_field</arg>
<arg>${username}</arg>
<doc>Types the given ``text`` into the text field identified by ``locator``.</doc>
<status status="PASS" start="2024-03-20T20:12:52.275651" elapsed="0.188746"/>
</kw>
<arg>demo</arg>
<status status="PASS" start="2024-03-20T20:12:52.275651" elapsed="0.188746"/>
</kw>
<kw name="Type In Password">
<kw name="Input Text" owner="SeleniumLibrary">
<msg time="2024-03-20T20:12:52.465950" level="INFO">Typing text 'mode' into text field 'id=password_field'.</msg>
<arg>id=password_field</arg>
<arg>${password}</arg>
<doc>Types the given ``text`` into the text field identified by ``locator``.</doc>
<status status="PASS" start="2024-03-20T20:12:52.465950" elapsed="0.153150"/>
</kw>
<arg>mode</arg>
<status status="PASS" start="2024-03-20T20:12:52.465450" elapsed="0.153650"/>
</kw>
<kw name="Submit Credentials">
<kw name="Click Button" owner="SeleniumLibrary">
<msg time="2024-03-20T20:12:52.619100" level="INFO">Clicking button 'id=login_button'.</msg>
<arg>id=login_button</arg>
<doc>Clicks the button identified by ``locator``.</doc>
<status status="PASS" start="2024-03-20T20:12:52.619100" elapsed="0.197817"/>
</kw>
<status status="PASS" start="2024-03-20T20:12:52.619100" elapsed="0.197964"/>
</kw>
<kw name="Welcome Page Should Be Open">
<kw name="Title Should Be" owner="SeleniumLibrary">
<msg time="2024-03-20T20:12:52.824625" level="INFO">Page title is 'Welcome Page'.</msg>
<arg>Welcome Page</arg>
<doc>Verifies that the current page title equals ``title``.</doc>
<status status="PASS" start="2024-03-20T20:12:52.817987" elapsed="0.006638"/>
</kw>
<status status="PASS" start="2024-03-20T20:12:52.817427" elapsed="0.007495"/>
</kw>
<kw name="Close Browser" owner="SeleniumLibrary" type="TEARDOWN">
<doc>Closes the current browser.</doc>
<status status="PASS" start="2024-03-20T20:12:52.825561" elapsed="2.161891"/>
</kw>
<status status="PASS" start="2024-03-20T20:12:24.241165" elapsed="30.749800"/>
</test>
<status status="PASS" start="2024-03-20T20:12:24.052842" elapsed="30.938123"/>
</suite>
<statistics>
<total>
<stat pass="1" fail="0" skip="0">All Tests</stat>
</total>
<tag>
</tag>
<suite>
<stat pass="1" fail="0" skip="0" id="s1" name="Valid">Valid</stat>
</suite>
</statistics>
<errors>
</errors>
</robot>
